# JRE version: Java(TM) SE Runtime Environment (8.0_112-b15) (build 1.8.0_112-b15)
# Java VM: Java HotSpot(TM) 64-Bit Server VM (25.112-b15 mixed mode windows-amd64 compressed oops)
Heap:
 PSYoungGen      total 54784K, used 33212K [0x00000007bc400000, 0x00000007c0000000, 0x00000007c0000000)
  eden space 48128K, 64% used [0x00000007bc400000,0x00000007be247328,0x00000007bf300000)
  from space 6656K, 33% used [0x00000007bf980000,0x00000007bfba8000,0x00000007c0000000)
  to   space 6656K, 0% used [0x00000007bf300000,0x00000007bf300000,0x00000007bf980000)
 ParOldGen       total 158208K, used 134526K [0x0000000700000000, 0x0000000709a80000, 0x00000007bc400000)
  object space 158208K, 85% used [0x0000000700000000,0x000000070835f948,0x0000000709a80000)
 Metaspace       used 83678K, capacity 84621K, committed 85120K, reserved 1122304K
  class space    used 11948K, capacity 12154K, committed 12160K, reserved 1048576K
GC Heap History (10 events):
Event: 1697.128 GC heap before
{Heap before GC invocations=457 (full 25):
 PSYoungGen      total 53760K, used 49708K [0x00000007bc400000, 0x00000007c0000000, 0x00000007c0000000)
  eden space 46592K, 100% used [0x00000007bc400000,0x00000007bf180000,0x00000007bf180000)
  from space 7168K, 43% used [0x00000007bf180000,0x00000007bf48b010,0x00000007bf880000)
  to   space 7168K, 0% used [0x00000007bf900000,0x00000007bf900000,0x00000007c0000000)
 ParOldGen       total 158208K, used 133134K [0x0000000700000000, 0x0000000709a80000, 0x00000007bc400000)
  object space 158208K, 84% used [0x0000000700000000,0x00000007082038e8,0x0000000709a80000)
 Metaspace       used 83649K, capacity 84589K, committed 85120K, reserved 1122304K
  class space    used 11938K, capacity 12122K, committed 12160K, reserved 1048576K
Event: 1697.143 GC heap after
Heap after GC invocations=457 (full 25):
 PSYoungGen      total 54272K, used 2432K [0x00000007bc400000, 0x00000007c0000000, 0x00000007c0000000)
  eden space 47104K, 0% used [0x00000007bc400000,0x00000007bc400000,0x00000007bf200000)
  from space 7168K, 33% used [0x00000007bf900000,0x00000007bfb60000,0x00000007c0000000)
  to   space 7168K, 0% used [0x00000007bf200000,0x00000007bf200000,0x00000007bf900000)
 ParOldGen       total 158208K, used 133458K [0x0000000700000000, 0x0000000709a80000, 0x00000007bc400000)
  object space 158208K, 84% used [0x0000000700000000,0x00000007082548f8,0x0000000709a80000)
 Metaspace       used 83649K, capacity 84589K, committed 85120K, reserved 1122304K
  class space    used 11938K, capacity 12122K, committed 12160K, reserved 1048576K
}
Event: 1701.510 GC heap before
{Heap before GC invocations=458 (full 25):
 PSYoungGen      total 54272K, used 49536K [0x00000007bc400000, 0x00000007c0000000, 0x00000007c0000000)
  eden space 47104K, 100% used [0x00000007bc400000,0x00000007bf200000,0x00000007bf200000)
  from space 7168K, 33% used [0x00000007bf900000,0x00000007bfb60000,0x00000007c0000000)
  to   space 7168K, 0% used [0x00000007bf200000,0x00000007bf200000,0x00000007bf900000)
 ParOldGen       total 158208K, used 133458K [0x0000000700000000, 0x0000000709a80000, 0x00000007bc400000)
  object space 158208K, 84% used [0x0000000700000000,0x00000007082548f8,0x0000000709a80000)
 Metaspace       used 83650K, capacity 84589K, committed 85120K, reserved 1122304K
  class space    used 11938K, capacity 12122K, committed 12160K, reserved 1048576K
Event: 1701.525 GC heap after
Heap after GC invocations=458 (full 25):
 PSYoungGen      total 54272K, used 2304K [0x00000007bc400000, 0x00000007c0000000, 0x00000007c0000000)
  eden space 47104K, 0% used [0x00000007bc400000,0x00000007bc400000,0x00000007bf200000)
  from space 7168K, 32% used [0x00000007bf200000,0x00000007bf440000,0x00000007bf900000)
  to   space 7168K, 0% used [0x00000007bf900000,0x00000007bf900000,0x00000007c0000000)
 ParOldGen       total 158208K, used 133522K [0x0000000700000000, 0x0000000709a80000, 0x00000007bc400000)
  object space 158208K, 84% used [0x0000000700000000,0x00000007082648f8,0x0000000709a80000)
 Metaspace       used 83650K, capacity 84589K, committed 85120K, reserved 1122304K
  class space    used 11938K, capacity 12122K, committed 12160K, reserved 1048576K
}
Event: 1702.763 GC heap before
{Heap before GC invocations=459 (full 25):
 PSYoungGen      total 54272K, used 49408K [0x00000007bc400000, 0x00000007c0000000, 0x00000007c0000000)
  eden space 47104K, 100% used [0x00000007bc400000,0x00000007bf200000,0x00000007bf200000)
  from space 7168K, 32% used [0x00000007bf200000,0x00000007bf440000,0x00000007bf900000)
  to   space 7168K, 0% used [0x00000007bf900000,0x00000007bf900000,0x00000007c0000000)
 ParOldGen       total 158208K, used 133522K [0x0000000700000000, 0x0000000709a80000, 0x00000007bc400000)
  object space 158208K, 84% used [0x0000000700000000,0x00000007082648f8,0x0000000709a80000)
 Metaspace       used 83650K, capacity 84589K, committed 85120K, reserved 1122304K
  class space    used 11938K, capacity 12122K, committed 12160K, reserved 1048576K
Event: 1702.776 GC heap after
Heap after GC invocations=459 (full 25):
 PSYoungGen      total 54784K, used 2112K [0x00000007bc400000, 0x00000007c0000000, 0x00000007c0000000)
  eden space 47616K, 0% used [0x00000007bc400000,0x00000007bc400000,0x00000007bf280000)
  from space 7168K, 29% used [0x00000007bf900000,0x00000007bfb10000,0x00000007c0000000)
  to   space 6656K, 0% used [0x00000007bf280000,0x00000007bf280000,0x00000007bf900000)
 ParOldGen       total 158208K, used 133586K [0x0000000700000000, 0x0000000709a80000, 0x00000007bc400000)
  object space 158208K, 84% used [0x0000000700000000,0x00000007082748f8,0x0000000709a80000)
 Metaspace       used 83650K, capacity 84589K, committed 85120K, reserved 1122304K
  class space    used 11938K, capacity 12122K, committed 12160K, reserved 1048576K
}
Event: 1705.902 GC heap before
{Heap before GC invocations=460 (full 25):
 PSYoungGen      total 54784K, used 49728K [0x00000007bc400000, 0x00000007c0000000, 0x00000007c0000000)
  eden space 47616K, 100% used [0x00000007bc400000,0x00000007bf280000,0x00000007bf280000)
  from space 7168K, 29% used [0x00000007bf900000,0x00000007bfb10000,0x00000007c0000000)
  to   space 6656K, 0% used [0x00000007bf280000,0x00000007bf280000,0x00000007bf900000)
 ParOldGen       total 158208K, used 133586K [0x0000000700000000, 0x0000000709a80000, 0x00000007bc400000)
  object space 158208K, 84% used [0x0000000700000000,0x00000007082748f8,0x0000000709a80000)
 Metaspace       used 83675K, capacity 84621K, committed 85120K, reserved 1122304K
  class space    used 11948K, capacity 12154K, committed 12160K, reserved 1048576K
Event: 1705.919 GC heap after
Heap after GC invocations=460 (full 25):
 PSYoungGen      total 54272K, used 2816K [0x00000007bc400000, 0x00000007c0000000, 0x00000007c0000000)
  eden space 47616K, 0% used [0x00000007bc400000,0x00000007bc400000,0x00000007bf280000)
  from space 6656K, 42% used [0x00000007bf280000,0x00000007bf540000,0x00000007bf900000)
  to   space 6656K, 0% used [0x00000007bf980000,0x00000007bf980000,0x00000007c0000000)
 ParOldGen       total 158208K, used 134294K [0x0000000700000000, 0x0000000709a80000, 0x00000007bc400000)
  object space 158208K, 84% used [0x0000000700000000,0x0000000708325948,0x0000000709a80000)
 Metaspace       used 83675K, capacity 84621K, committed 85120K, reserved 1122304K
  class space    used 11948K, capacity 12154K, committed 12160K, reserved 1048576K
}
Event: 1714.155 GC heap before
{Heap before GC invocations=461 (full 25):
 PSYoungGen      total 54272K, used 50432K [0x00000007bc400000, 0x00000007c0000000, 0x00000007c0000000)
  eden space 47616K, 100% used [0x00000007bc400000,0x00000007bf280000,0x00000007bf280000)
  from space 6656K, 42% used [0x00000007bf280000,0x00000007bf540000,0x00000007bf900000)
  to   space 6656K, 0% used [0x00000007bf980000,0x00000007bf980000,0x00000007c0000000)
 ParOldGen       total 158208K, used 134294K [0x0000000700000000, 0x0000000709a80000, 0x00000007bc400000)
  object space 158208K, 84% used [0x0000000700000000,0x0000000708325948,0x0000000709a80000)
 Metaspace       used 83678K, capacity 84621K, committed 85120K, reserved 1122304K
  class space    used 11948K, capacity 12154K, committed 12160K, reserved 1048576K
Event: 1714.169 GC heap after
Heap after GC invocations=461 (full 25):
 PSYoungGen      total 54784K, used 2208K [0x00000007bc400000, 0x00000007c0000000, 0x00000007c0000000)
  eden space 48128K, 0% used [0x00000007bc400000,0x00000007bc400000,0x00000007bf300000)
  from space 6656K, 33% used [0x00000007bf980000,0x00000007bfba8000,0x00000007c0000000)
  to   space 6656K, 0% used [0x00000007bf300000,0x00000007bf300000,0x00000007bf980000)
 ParOldGen       total 158208K, used 134526K [0x0000000700000000, 0x0000000709a80000, 0x00000007bc400000)
  object space 158208K, 85% used [0x0000000700000000,0x000000070835f948,0x0000000709a80000)
 Metaspace       used 83678K, capacity 84621K, committed 85120K, reserved 1122304K
  class space    used 11948K, capacity 12154K, committed 12160K, reserved 1048576K
}

